{"L":"INFO","T":"2022-12-19 22:57:36","C":"lblog/zap.go:37","M":"[initLogger] zap plugin initializing completed"}
{"L":"ERROR","T":"2022-12-19 22:57:36","C":"webtool/sys_tool.go:77","M":"err is : [record not found]","S":"github.com/oldbai555/lbtool/pkg/webtool.(*WebTool).Errorf\n\t/Users/zhangjianjun/go/pkg/mod/github.com/oldbai555/lbtool@v0.0.5-0.20221219123502-34afa053f0ef/pkg/webtool/sys_tool.go:77\ngo-lb/lbblog/impl.(*OrmCondBuilder).First\n\t/Users/zhangjianjun/Desktop/go-lb/lbblog/impl/util_orm.go:146\ngo-lb/lbblog/impl.(*OrmCondBuilder).UpdateOrCreate\n\t/Users/zhangjianjun/Desktop/go-lb/lbblog/impl/util_orm.go:185\ngo-lb/lbblog/impl.TestGenUserOrm\n\t/Users/zhangjianjun/Desktop/go-lb/lbblog/impl/user_model_test.go:23\ntesting.tRunner\n\t/Users/zhangjianjun/sdk/go1.19.4/src/testing/testing.go:1446"}
{"L":"ERROR","T":"2022-12-19 22:57:36","C":"webtool/sys_tool.go:77","M":"err is : [record not found]","S":"github.com/oldbai555/lbtool/pkg/webtool.(*WebTool).Errorf\n\t/Users/zhangjianjun/go/pkg/mod/github.com/oldbai555/lbtool@v0.0.5-0.20221219123502-34afa053f0ef/pkg/webtool/sys_tool.go:77\ngo-lb/lbblog/impl.(*OrmCondBuilder).Update\n\t/Users/zhangjianjun/Desktop/go-lb/lbblog/impl/util_orm.go:158\ngo-lb/lbblog/impl.(*OrmCondBuilder).UpdateOrCreate\n\t/Users/zhangjianjun/Desktop/go-lb/lbblog/impl/util_orm.go:197\ngo-lb/lbblog/impl.TestGenUserOrm\n\t/Users/zhangjianjun/Desktop/go-lb/lbblog/impl/user_model_test.go:23\ntesting.tRunner\n\t/Users/zhangjianjun/sdk/go1.19.4/src/testing/testing.go:1446"}
{"L":"ERROR","T":"2022-12-19 22:57:36","C":"webtool/sys_tool.go:77","M":"err is [record not found]","S":"github.com/oldbai555/lbtool/pkg/webtool.(*WebTool).Errorf\n\t/Users/zhangjianjun/go/pkg/mod/github.com/oldbai555/lbtool@v0.0.5-0.20221219123502-34afa053f0ef/pkg/webtool/sys_tool.go:77\ngo-lb/lbblog/impl.TestGenUserOrm\n\t/Users/zhangjianjun/Desktop/go-lb/lbblog/impl/user_model_test.go:30\ntesting.tRunner\n\t/Users/zhangjianjun/sdk/go1.19.4/src/testing/testing.go:1446"}
{"L":"INFO","T":"2022-12-19 22:59:16","C":"lblog/zap.go:37","M":"[initLogger] zap plugin initializing completed"}
{"L":"ERROR","T":"2022-12-19 22:59:16","C":"webtool/sys_tool.go:77","M":"err is [record not found]","S":"github.com/oldbai555/lbtool/pkg/webtool.(*WebTool).Errorf\n\t/Users/zhangjianjun/go/pkg/mod/github.com/oldbai555/lbtool@v0.0.5-0.20221219123502-34afa053f0ef/pkg/webtool/sys_tool.go:77\ngo-lb/lbblog/impl.TestGenUserOrm\n\t/Users/zhangjianjun/Desktop/go-lb/lbblog/impl/user_model_test.go:30\ntesting.tRunner\n\t/Users/zhangjianjun/sdk/go1.19.4/src/testing/testing.go:1446"}
{"L":"INFO","T":"2022-12-19 23:01:21","C":"lblog/zap.go:37","M":"[initLogger] zap plugin initializing completed"}
{"L":"ERROR","T":"2022-12-19 23:01:21","C":"webtool/sys_tool.go:77","M":"err is [No such field: nickname in obj]","S":"github.com/oldbai555/lbtool/pkg/webtool.(*WebTool).Errorf\n\t/Users/zhangjianjun/go/pkg/mod/github.com/oldbai555/lbtool@v0.0.5-0.20221219123502-34afa053f0ef/pkg/webtool/sys_tool.go:77\ngo-lb/lbblog/impl.TestGenUserOrm\n\t/Users/zhangjianjun/Desktop/go-lb/lbblog/impl/user_model_test.go:30\ntesting.tRunner\n\t/Users/zhangjianjun/sdk/go1.19.4/src/testing/testing.go:1446"}
{"L":"INFO","T":"2022-12-19 23:02:28","C":"lblog/zap.go:37","M":"[initLogger] zap plugin initializing completed"}
{"L":"ERROR","T":"2022-12-19 23:02:43","C":"webtool/sys_tool.go:77","M":"err is [No such field: nickname in obj]","S":"github.com/oldbai555/lbtool/pkg/webtool.(*WebTool).Errorf\n\t/Users/zhangjianjun/go/pkg/mod/github.com/oldbai555/lbtool@v0.0.5-0.20221219123502-34afa053f0ef/pkg/webtool/sys_tool.go:77\ngo-lb/lbblog/impl.TestGenUserOrm\n\t/Users/zhangjianjun/Desktop/go-lb/lbblog/impl/user_model_test.go:30\ntesting.tRunner\n\t/Users/zhangjianjun/sdk/go1.19.4/src/testing/testing.go:1446"}
{"L":"INFO","T":"2022-12-19 23:04:03","C":"lblog/zap.go:37","M":"[initLogger] zap plugin initializing completed"}
{"L":"INFO","T":"2022-12-19 23:07:58","C":"lblog/zap.go:37","M":"[initLogger] zap plugin initializing completed"}
{"L":"ERROR","T":"2022-12-19 23:07:58","C":"webtool/sys_tool.go:77","M":"err is [record not found]","S":"github.com/oldbai555/lbtool/pkg/webtool.(*WebTool).Errorf\n\t/Users/zhangjianjun/go/pkg/mod/github.com/oldbai555/lbtool@v0.0.5-0.20221219123502-34afa053f0ef/pkg/webtool/sys_tool.go:77\ngo-lb/lbblog/impl.TestGenUserOrm\n\t/Users/zhangjianjun/Desktop/go-lb/lbblog/impl/user_model_test.go:30\ntesting.tRunner\n\t/Users/zhangjianjun/sdk/go1.19.4/src/testing/testing.go:1446"}
{"L":"INFO","T":"2022-12-19 23:08:37","C":"lblog/zap.go:37","M":"[initLogger] zap plugin initializing completed"}
{"L":"ERROR","T":"2022-12-19 23:08:37","C":"webtool/sys_tool.go:77","M":"err is [record not found]","S":"github.com/oldbai555/lbtool/pkg/webtool.(*WebTool).Errorf\n\t/Users/zhangjianjun/go/pkg/mod/github.com/oldbai555/lbtool@v0.0.5-0.20221219123502-34afa053f0ef/pkg/webtool/sys_tool.go:77\ngo-lb/lbblog/impl.TestGenUserOrm\n\t/Users/zhangjianjun/Desktop/go-lb/lbblog/impl/user_model_test.go:30\ntesting.tRunner\n\t/Users/zhangjianjun/sdk/go1.19.4/src/testing/testing.go:1446"}
{"L":"INFO","T":"2022-12-19 23:09:18","C":"lblog/zap.go:37","M":"[initLogger] zap plugin initializing completed"}
{"L":"ERROR","T":"2022-12-19 23:09:18","C":"webtool/sys_tool.go:77","M":"err is [record not found]","S":"github.com/oldbai555/lbtool/pkg/webtool.(*WebTool).Errorf\n\t/Users/zhangjianjun/go/pkg/mod/github.com/oldbai555/lbtool@v0.0.5-0.20221219123502-34afa053f0ef/pkg/webtool/sys_tool.go:77\ngo-lb/lbblog/impl.TestGenUserOrm\n\t/Users/zhangjianjun/Desktop/go-lb/lbblog/impl/user_model_test.go:30\ntesting.tRunner\n\t/Users/zhangjianjun/sdk/go1.19.4/src/testing/testing.go:1446"}
{"L":"INFO","T":"2022-12-19 23:10:06","C":"lblog/zap.go:37","M":"[initLogger] zap plugin initializing completed"}
{"L":"INFO","T":"2022-12-19 23:12:10","C":"lblog/zap.go:37","M":"[initLogger] zap plugin initializing completed"}
{"L":"INFO","T":"2022-12-19 23:12:53","C":"lblog/zap.go:37","M":"[initLogger] zap plugin initializing completed"}
{"L":"INFO","T":"2022-12-19 23:13:39","C":"lblog/zap.go:37","M":"[initLogger] zap plugin initializing completed"}
{"L":"INFO","T":"2022-12-19 23:14:10","C":"lblog/zap.go:37","M":"[initLogger] zap plugin initializing completed"}
{"L":"INFO","T":"2022-12-19 23:14:28","C":"lblog/zap.go:37","M":"[initLogger] zap plugin initializing completed"}
{"L":"INFO","T":"2022-12-19 23:40:08","C":"lblog/zap.go:37","M":"[initLogger] zap plugin initializing completed"}
{"L":"INFO","T":"2022-12-19 23:54:00","C":"lblog/zap.go:37","M":"[initLogger] zap plugin initializing completed"}
{"L":"INFO","T":"2022-12-19 23:59:43","C":"lblog/zap.go:37","M":"[initLogger] zap plugin initializing completed"}
{"L":"INFO","T":"2022-12-20 00:06:42","C":"lblog/zap.go:37","M":"[initLogger] zap plugin initializing completed"}
{"L":"INFO","T":"2022-12-20 00:08:33","C":"lblog/zap.go:37","M":"[initLogger] zap plugin initializing completed"}
{"L":"INFO","T":"2022-12-20 00:22:38","C":"lblog/zap.go:37","M":"[initLogger] zap plugin initializing completed"}
{"L":"INFO","T":"2022-12-20 00:23:51","C":"lblog/zap.go:37","M":"[initLogger] zap plugin initializing completed"}
{"L":"INFO","T":"2022-12-20 00:28:48","C":"lblog/zap.go:37","M":"[initLogger] zap plugin initializing completed"}
{"L":"INFO","T":"2022-12-20 00:29:47","C":"lblog/zap.go:37","M":"[initLogger] zap plugin initializing completed"}
{"L":"INFO","T":"2022-12-20 00:30:34","C":"lblog/zap.go:37","M":"[initLogger] zap plugin initializing completed"}
{"L":"INFO","T":"2022-12-20 00:31:33","C":"lblog/zap.go:37","M":"[initLogger] zap plugin initializing completed"}
{"L":"INFO","T":"2022-12-20 00:33:08","C":"lblog/zap.go:37","M":"[initLogger] zap plugin initializing completed"}
{"L":"INFO","T":"2022-12-20 00:38:52","C":"lblog/zap.go:37","M":"[initLogger] zap plugin initializing completed"}
{"L":"INFO","T":"2022-12-20 00:40:19","C":"lblog/zap.go:37","M":"[initLogger] zap plugin initializing completed"}
{"L":"INFO","T":"2022-12-20 00:41:12","C":"lblog/zap.go:37","M":"[initLogger] zap plugin initializing completed"}
{"L":"INFO","T":"2022-12-20 00:41:58","C":"lblog/zap.go:37","M":"[initLogger] zap plugin initializing completed"}
{"L":"INFO","T":"2022-12-20 00:47:47","C":"lblog/zap.go:37","M":"[initLogger] zap plugin initializing completed"}
{"L":"INFO","T":"2022-12-31 09:39:39","C":"lblog/zap.go:37","M":"[initLogger] zap plugin initializing completed"}
{"L":"INFO","T":"2022-12-31 09:42:07","C":"lblog/zap.go:37","M":"[initLogger] zap plugin initializing completed"}
{"L":"INFO","T":"2022-12-31 09:43:16","C":"lblog/zap.go:37","M":"[initLogger] zap plugin initializing completed"}
{"L":"INFO","T":"2022-12-31 09:45:16","C":"lblog/zap.go:37","M":"[initLogger] zap plugin initializing completed"}
{"L":"INFO","T":"2022-12-31 09:53:12","C":"lblog/zap.go:37","M":"[initLogger] zap plugin initializing completed"}
{"L":"INFO","T":"2022-12-31 10:00:11","C":"lblog/zap.go:37","M":"[initLogger] zap plugin initializing completed"}
{"L":"INFO","T":"2022-12-31 10:00:49","C":"lblog/zap.go:37","M":"[initLogger] zap plugin initializing completed"}
{"L":"INFO","T":"2022-12-31 10:50:24","C":"lblog/zap.go:37","M":"[initLogger] zap plugin initializing completed"}
{"L":"INFO","T":"2022-12-31 10:50:34","C":"lblog/zap.go:37","M":"[initLogger] zap plugin initializing completed"}
{"L":"INFO","T":"2022-12-31 10:51:00","C":"lblog/zap.go:37","M":"[initLogger] zap plugin initializing completed"}
{"L":"INFO","T":"2022-12-31 10:51:37","C":"lblog/zap.go:37","M":"[initLogger] zap plugin initializing completed"}
{"L":"INFO","T":"2022-12-31 10:52:37","C":"lblog/zap.go:37","M":"[initLogger] zap plugin initializing completed"}
{"L":"INFO","T":"2022-12-31 10:54:00","C":"lblog/zap.go:37","M":"[initLogger] zap plugin initializing completed"}
{"L":"INFO","T":"2022-12-31 10:54:47","C":"lblog/zap.go:37","M":"[initLogger] zap plugin initializing completed"}
{"L":"INFO","T":"2022-12-31 10:55:13","C":"lblog/zap.go:37","M":"[initLogger] zap plugin initializing completed"}
{"L":"INFO","T":"2022-12-31 10:55:24","C":"lblog/zap.go:37","M":"[initLogger] zap plugin initializing completed"}
{"L":"INFO","T":"2022-12-31 10:55:36","C":"lblog/zap.go:37","M":"[initLogger] zap plugin initializing completed"}
